<?xml version="1.0" encoding="UTF-8"?>
<!-- Generated by org.testng.reporters.JUnitReportReporter -->
<testsuite hostname="DESKTOP-G31KD1E" failures="0" tests="3" name="tests.UserRegistrationTest" time="5.686" errors="0" timestamp="2023-02-26T01:49:00 PST" skipped="0">
  <testcase classname="tests.UserRegistrationTest" name="UserCanRegisterSuccssfully" time="2.878"/>
  <system-out/>
  <testcase classname="tests.UserRegistrationTest" name="RegisteredUserCanLogin" time="1.913"/>
  <system-out/>
  <testcase classname="tests.UserRegistrationTest" name="RegisteredUserCanLogout" time="0.895"/>
  <system-out/>
</testsuite> <!-- tests.UserRegistrationTest -->
