<?xml version="1.0" encoding="UTF-8"?>
<!-- Generated by org.testng.reporters.JUnitReportReporter -->
<testsuite hostname="DESKTOP-G31KD1E" failures="0" tests="4" name="tests.AddProductReviewTest" time="11.133" errors="0" timestamp="2023-02-27T03:16:33 PST" skipped="0">
  <testcase classname="tests.AddProductReviewTest" name="UserCanRegisterSuccssfully" time="3.075"/>
  <system-out/>
  <testcase classname="tests.AddProductReviewTest" name="userCanLogIn" time="1.433"/>
  <system-out/>
  <testcase classname="tests.AddProductReviewTest" name="userCanSearchWithAutoSuggest" time="5.718"/>
  <system-out/>
  <testcase classname="tests.AddProductReviewTest" name="userCanLogOut" time="0.907"/>
  <system-out/>
</testsuite> <!-- tests.AddProductReviewTest -->
