<?xml version="1.0" encoding="UTF-8"?>
<!-- Generated by org.testng.reporters.JUnitReportReporter -->
<testsuite hostname="DESKTOP-G31KD1E" failures="0" tests="4" name="tests.GuestCheckoutProductFromCartTest" time="26.949" errors="0" timestamp="2023-02-28T07:49:47 PST" skipped="0">
  <testcase classname="tests.GuestCheckoutProductFromCartTest" name="UserCanSearchForProductsWithAutoSuggest" time="5.004"/>
  <system-out/>
  <testcase classname="tests.GuestCheckoutProductFromCartTest" name="UserCanAddProductToShoppingCart" time="3.716"/>
  <system-out/>
  <testcase classname="tests.GuestCheckoutProductFromCartTest" name="UserCanCheckoutProduct" time="11.728"/>
  <system-out/>
  <testcase classname="tests.GuestCheckoutProductFromCartTest" name="UserCanViewOrderDetails" time="6.501"/>
  <system-out/>
</testsuite> <!-- tests.GuestCheckoutProductFromCartTest -->
