<?xml version="1.0" encoding="UTF-8"?>
<!-- Generated by org.testng.reporters.JUnitReportReporter -->
<testsuite hostname="DESKTOP-G31KD1E" failures="0" tests="2" name="tests.ChangeCurrencyTest" time="4.367" errors="0" timestamp="2023-02-26T01:49:00 PST" skipped="0">
  <testcase classname="tests.ChangeCurrencyTest" name="UserCanCanChangeCurrency" time="1.725"/>
  <system-out/>
  <testcase classname="tests.ChangeCurrencyTest" name="UserCanSearchWithAutoSuggest" time="2.642"/>
  <system-out/>
</testsuite> <!-- tests.ChangeCurrencyTest -->
