<?xml version="1.0" encoding="UTF-8"?>
<!-- Generated by org.testng.reporters.JUnitReportReporter -->
<testsuite hostname="DESKTOP-G31KD1E" failures="0" tests="1" name="tests.ProductHoverMenuTest" time="0.975" errors="0" timestamp="2023-02-26T01:34:32 PST" skipped="0">
  <testcase classname="tests.ProductHoverMenuTest" name="UserCanSelectSubCategoryFromMainMenu" time="0.975"/>
  <system-out/>
</testsuite> <!-- tests.ProductHoverMenuTest -->
