<?xml version="1.0" encoding="UTF-8"?>
<!-- Generated by org.testng.reporters.JUnitReportReporter -->
<testsuite hostname="DESKTOP-G31KD1E" failures="0" tests="1" name="tests.UserRegistrationWithDDTAndJSON" time="5.222" errors="0" timestamp="2023-02-27T10:08:37 PST" skipped="0">
  <testcase classname="tests.UserRegistrationWithDDTAndJSON" name="UserCanRegisterSuccssfully" time="5.222"/>
  <system-out/>
</testsuite> <!-- tests.UserRegistrationWithDDTAndJSON -->
