<?xml version="1.0" encoding="UTF-8"?>
<!-- Generated by org.testng.reporters.JUnitReportReporter -->
<testsuite hostname="DESKTOP-G31KD1E" failures="0" tests="3" name="tests.UserRegistrationWithDDTAndPropertiesFile" time="5.380" errors="0" timestamp="2023-02-27T04:58:42 PST" skipped="0">
  <testcase classname="tests.UserRegistrationWithDDTAndPropertiesFile" name="UserCanRegisterSuccssfully" time="3.124"/>
  <system-out/>
  <testcase classname="tests.UserRegistrationWithDDTAndPropertiesFile" name="RegisteredUserCanLogin" time="1.440"/>
  <system-out/>
  <testcase classname="tests.UserRegistrationWithDDTAndPropertiesFile" name="RegisteredUserCanLogout" time="0.816"/>
  <system-out/>
</testsuite> <!-- tests.UserRegistrationWithDDTAndPropertiesFile -->
