<?xml version="1.0" encoding="UTF-8"?>
<!-- Generated by org.testng.reporters.JUnitReportReporter -->
<testsuite hostname="DESKTOP-G31KD1E" failures="0" tests="3" name="tests.UserRegistrationWithDDTAndExcel" time="16.953" errors="0" timestamp="2023-02-27T07:25:28 PST" skipped="0">
  <testcase classname="tests.UserRegistrationWithDDTAndExcel" name="UserCanRegisterSuccssfully" time="5.807"/>
  <system-out/>
  <testcase classname="tests.UserRegistrationWithDDTAndExcel" name="UserCanRegisterSuccssfully" time="4.837"/>
  <system-out/>
  <testcase classname="tests.UserRegistrationWithDDTAndExcel" name="UserCanRegisterSuccssfully" time="6.309"/>
  <system-out/>
</testsuite> <!-- tests.UserRegistrationWithDDTAndExcel -->
